{"contracts/common/Common.sol":{"l":{},"path":"/home/mamorales/workspace_hedera/scheduler-payment-distribution/apps/contracts/contracts/common/Common.sol","s":{},"b":{},"f":{},"fnMap":{},"statementMap":{},"branchMap":{}},"contracts/common/libraries/LibCommon.sol":{"l":{"221":0,"223":0,"224":0,"225":0,"226":0,"227":0,"228":0,"229":0,"239":0,"240":0,"242":0,"244":0,"245":0,"246":0,"247":0,"248":0,"249":0,"250":0,"260":0,"261":0,"264":0,"265":0,"273":0,"274":0,"275":0},"path":"/home/mamorales/workspace_hedera/scheduler-payment-distribution/apps/contracts/contracts/common/libraries/LibCommon.sol","s":{"1":0,"2":0,"3":0,"4":0,"5":0,"6":0,"7":0,"8":0,"9":0,"10":0,"11":0},"b":{"1":[0,0],"2":[0,0],"3":[0,0]},"f":{"1":0,"2":0,"3":0,"4":0},"fnMap":{"1":{"name":"getFromSet","line":216,"loc":{"start":{"line":216,"column":4},"end":{"line":232,"column":4}}},"2":{"name":"getFromSet","line":234,"loc":{"start":{"line":234,"column":4},"end":{"line":253,"column":4}}},"3":{"name":"getSize","line":255,"loc":{"start":{"line":255,"column":4},"end":{"line":267,"column":4}}},"4":{"name":"getStartAndEnd","line":269,"loc":{"start":{"line":269,"column":4},"end":{"line":277,"column":4}}}},"statementMap":{"1":{"start":{"line":221,"column":8},"end":{"line":221,"column":78}},"2":{"start":{"line":223,"column":8},"end":{"line":223,"column":59}},"3":{"start":{"line":225,"column":8},"end":{"line":225,"column":12068}},"4":{"start":{"line":239,"column":8},"end":{"line":239,"column":41}},"5":{"start":{"line":240,"column":8},"end":{"line":240,"column":78}},"6":{"start":{"line":244,"column":8},"end":{"line":244,"column":38}},"7":{"start":{"line":245,"column":8},"end":{"line":245,"column":32}},"8":{"start":{"line":246,"column":8},"end":{"line":246,"column":12712}},"9":{"start":{"line":260,"column":8},"end":{"line":260,"column":13050}},"10":{"start":{"line":261,"column":12},"end":{"line":261,"column":20}},"11":{"start":{"line":265,"column":12},"end":{"line":265,"column":67}}},"branchMap":{"1":{"line":260,"type":"if","locations":[{"start":{"line":260,"column":8},"end":{"line":260,"column":8}},{"start":{"line":260,"column":8},"end":{"line":260,"column":8}}]},"2":{"line":260,"type":"cond-expr","locations":[{"start":{"line":260,"column":12},"end":{"line":260,"column":24}},{"start":{"line":260,"column":29},"end":{"line":260,"column":47}}]},"3":{"line":265,"type":"if","locations":[{"start":{"line":265,"column":40},"end":{"line":265,"column":49}},{"start":{"line":265,"column":53},"end":{"line":265,"column":56}}]}}},"contracts/common/LocalContext.sol":{"l":{"218":0},"path":"/home/mamorales/workspace_hedera/scheduler-payment-distribution/apps/contracts/contracts/common/LocalContext.sol","s":{},"b":{},"f":{"1":0},"fnMap":{"1":{"name":"_blockTimestamp","line":212,"loc":{"start":{"line":212,"column":4},"end":{"line":219,"column":4}}}},"statementMap":{},"branchMap":{}},"contracts/constants/roles.sol":{"l":{},"path":"/home/mamorales/workspace_hedera/scheduler-payment-distribution/apps/contracts/contracts/constants/roles.sol","s":{},"b":{},"f":{},"fnMap":{},"statementMap":{},"branchMap":{}},"contracts/constants/storagePositions.sol":{"l":{},"path":"/home/mamorales/workspace_hedera/scheduler-payment-distribution/apps/contracts/contracts/constants/storagePositions.sol","s":{},"b":{},"f":{},"fnMap":{},"statementMap":{},"branchMap":{}},"contracts/constants/values.sol":{"l":{},"path":"/home/mamorales/workspace_hedera/scheduler-payment-distribution/apps/contracts/contracts/constants/values.sol","s":{},"b":{},"f":{},"fnMap":{},"statementMap":{},"branchMap":{}},"contracts/core/AccessControl.sol":{"l":{"223":0,"224":0,"225":0,"227":0,"240":0,"241":0,"242":0,"244":0,"250":0,"251":0,"252":0,"253":0,"255":0,"262":0,"268":0,"274":0,"282":0},"path":"/home/mamorales/workspace_hedera/scheduler-payment-distribution/apps/contracts/contracts/core/AccessControl.sol","s":{"1":0,"2":0,"3":0,"4":0,"5":0,"6":0,"7":0,"8":0},"b":{"1":[0,0],"2":[0,0],"3":[0,0],"4":[0,0],"5":[0,0],"6":[0,0],"7":[0,0],"8":[0,0]},"f":{"1":0,"2":0,"3":0,"4":0,"5":0,"6":0,"7":0},"fnMap":{"1":{"name":"grantRole","line":220,"loc":{"start":{"line":213,"column":4},"end":{"line":228,"column":4}}},"2":{"name":"revokeRole","line":237,"loc":{"start":{"line":230,"column":4},"end":{"line":245,"column":4}}},"3":{"name":"renounceRole","line":249,"loc":{"start":{"line":247,"column":4},"end":{"line":256,"column":4}}},"4":{"name":"hasRole","line":258,"loc":{"start":{"line":258,"column":4},"end":{"line":263,"column":4}}},"5":{"name":"getRoleCountFor","line":265,"loc":{"start":{"line":265,"column":4},"end":{"line":269,"column":4}}},"6":{"name":"getRoleMemberCount","line":271,"loc":{"start":{"line":271,"column":4},"end":{"line":275,"column":4}}},"7":{"name":"getRoleMembers","line":277,"loc":{"start":{"line":277,"column":4},"end":{"line":283,"column":4}}}},"statementMap":{"1":{"start":{"line":224,"column":8},"end":{"line":224,"column":11888}},"2":{"start":{"line":227,"column":8},"end":{"line":227,"column":55}},"3":{"start":{"line":241,"column":8},"end":{"line":241,"column":12306}},"4":{"start":{"line":244,"column":8},"end":{"line":244,"column":55}},"5":{"start":{"line":250,"column":8},"end":{"line":250,"column":38}},"6":{"start":{"line":252,"column":8},"end":{"line":252,"column":12667}},"7":{"start":{"line":255,"column":8},"end":{"line":255,"column":42}},"8":{"start":{"line":262,"column":8},"end":{"line":262,"column":40}}},"branchMap":{"1":{"line":219,"type":"if","locations":[{"start":{"line":219,"column":8},"end":{"line":219,"column":8}},{"start":{"line":219,"column":8},"end":{"line":219,"column":8}}]},"2":{"line":220,"type":"if","locations":[{"start":{"line":220,"column":8},"end":{"line":220,"column":8}},{"start":{"line":220,"column":8},"end":{"line":220,"column":8}}]},"3":{"line":224,"type":"if","locations":[{"start":{"line":224,"column":8},"end":{"line":224,"column":8}},{"start":{"line":224,"column":8},"end":{"line":224,"column":8}}]},"4":{"line":236,"type":"if","locations":[{"start":{"line":236,"column":8},"end":{"line":236,"column":8}},{"start":{"line":236,"column":8},"end":{"line":236,"column":8}}]},"5":{"line":237,"type":"if","locations":[{"start":{"line":237,"column":8},"end":{"line":237,"column":8}},{"start":{"line":237,"column":8},"end":{"line":237,"column":8}}]},"6":{"line":241,"type":"if","locations":[{"start":{"line":241,"column":8},"end":{"line":241,"column":8}},{"start":{"line":241,"column":8},"end":{"line":241,"column":8}}]},"7":{"line":249,"type":"if","locations":[{"start":{"line":249,"column":24},"end":{"line":249,"column":24}},{"start":{"line":249,"column":24},"end":{"line":249,"column":24}}]},"8":{"line":252,"type":"if","locations":[{"start":{"line":252,"column":8},"end":{"line":252,"column":8}},{"start":{"line":252,"column":8},"end":{"line":252,"column":8}}]}}},"contracts/core/AccessControlStorageWrapper.sol":{"l":{"235":0,"236":0,"244":0,"253":0,"259":0,"266":0,"272":0,"280":0,"289":0,"297":0,"304":0,"305":0,"314":0,"316":0},"path":"/home/mamorales/workspace_hedera/scheduler-payment-distribution/apps/contracts/contracts/core/AccessControlStorageWrapper.sol","s":{"1":0,"2":0,"3":0,"4":0},"b":{"1":[0,0]},"f":{"1":0,"2":0,"3":0,"4":0,"5":0,"6":0,"7":0,"8":0,"9":0,"10":0,"11":0},"fnMap":{"1":{"name":"onlyRole","line":234,"loc":{"start":{"line":234,"column":4},"end":{"line":237,"column":4}}},"2":{"name":"_grantRole","line":240,"loc":{"start":{"line":240,"column":4},"end":{"line":247,"column":4}}},"3":{"name":"_revokeRole","line":249,"loc":{"start":{"line":249,"column":4},"end":{"line":256,"column":4}}},"4":{"name":"_getRoleAdmin","line":258,"loc":{"start":{"line":258,"column":4},"end":{"line":260,"column":4}}},"5":{"name":"_hasRole","line":262,"loc":{"start":{"line":262,"column":4},"end":{"line":267,"column":4}}},"6":{"name":"_getRoleCountFor","line":269,"loc":{"start":{"line":269,"column":4},"end":{"line":273,"column":4}}},"7":{"name":"_getRolesFor","line":275,"loc":{"start":{"line":275,"column":4},"end":{"line":284,"column":4}}},"8":{"name":"_getRoleMemberCount","line":286,"loc":{"start":{"line":286,"column":4},"end":{"line":290,"column":4}}},"9":{"name":"_getRoleMembers","line":292,"loc":{"start":{"line":292,"column":4},"end":{"line":301,"column":4}}},"10":{"name":"_checkRole","line":303,"loc":{"start":{"line":303,"column":4},"end":{"line":307,"column":4}}},"11":{"name":"_rolesStorage","line":309,"loc":{"start":{"line":309,"column":4},"end":{"line":319,"column":4}}}},"statementMap":{"1":{"start":{"line":235,"column":8},"end":{"line":235,"column":38}},"2":{"start":{"line":259,"column":8},"end":{"line":259,"column":53}},"3":{"start":{"line":304,"column":8},"end":{"line":304,"column":14451}},"4":{"start":{"line":314,"column":8},"end":{"line":314,"column":59}}},"branchMap":{"1":{"line":304,"type":"if","locations":[{"start":{"line":304,"column":8},"end":{"line":304,"column":8}},{"start":{"line":304,"column":8},"end":{"line":304,"column":8}}]}}},"contracts/core/interfaces/IAccessControl.sol":{"l":{},"path":"/home/mamorales/workspace_hedera/scheduler-payment-distribution/apps/contracts/contracts/core/interfaces/IAccessControl.sol","s":{},"b":{},"f":{},"fnMap":{},"statementMap":{},"branchMap":{}},"contracts/core/interfaces/IAccessControlStorageWrapper.sol":{"l":{},"path":"/home/mamorales/workspace_hedera/scheduler-payment-distribution/apps/contracts/contracts/core/interfaces/IAccessControlStorageWrapper.sol","s":{},"b":{},"f":{},"fnMap":{},"statementMap":{},"branchMap":{}},"contracts/core/interfaces/IPause.sol":{"l":{},"path":"/home/mamorales/workspace_hedera/scheduler-payment-distribution/apps/contracts/contracts/core/interfaces/IPause.sol","s":{},"b":{},"f":{},"fnMap":{},"statementMap":{},"branchMap":{}},"contracts/core/interfaces/IPauseStorageWrapper.sol":{"l":{},"path":"/home/mamorales/workspace_hedera/scheduler-payment-distribution/apps/contracts/contracts/core/interfaces/IPauseStorageWrapper.sol","s":{},"b":{},"f":{},"fnMap":{},"statementMap":{},"branchMap":{}},"contracts/core/Pause.sol":{"l":{"221":0,"222":0,"232":0,"233":0,"237":0},"path":"/home/mamorales/workspace_hedera/scheduler-payment-distribution/apps/contracts/contracts/core/Pause.sol","s":{"1":0,"2":0,"3":0},"b":{"1":[0,0],"2":[0,0],"3":[0,0],"4":[0,0]},"f":{"1":0,"2":0,"3":0},"fnMap":{"1":{"name":"pause","line":218,"loc":{"start":{"line":214,"column":4},"end":{"line":223,"column":4}}},"2":{"name":"unpause","line":229,"loc":{"start":{"line":225,"column":4},"end":{"line":234,"column":4}}},"3":{"name":"isPaused","line":236,"loc":{"start":{"line":236,"column":4},"end":{"line":238,"column":4}}}},"statementMap":{"1":{"start":{"line":221,"column":8},"end":{"line":221,"column":22}},"2":{"start":{"line":232,"column":8},"end":{"line":232,"column":23}},"3":{"start":{"line":237,"column":8},"end":{"line":237,"column":26}}},"branchMap":{"1":{"line":217,"type":"if","locations":[{"start":{"line":217,"column":8},"end":{"line":217,"column":8}},{"start":{"line":217,"column":8},"end":{"line":217,"column":8}}]},"2":{"line":218,"type":"if","locations":[{"start":{"line":218,"column":8},"end":{"line":218,"column":8}},{"start":{"line":218,"column":8},"end":{"line":218,"column":8}}]},"3":{"line":228,"type":"if","locations":[{"start":{"line":228,"column":8},"end":{"line":228,"column":8}},{"start":{"line":228,"column":8},"end":{"line":228,"column":8}}]},"4":{"line":229,"type":"if","locations":[{"start":{"line":229,"column":8},"end":{"line":229,"column":8}},{"start":{"line":229,"column":8},"end":{"line":229,"column":8}}]}}},"contracts/core/PauseStorageWrapper.sol":{"l":{"220":0,"221":0,"225":0,"226":0,"231":0,"232":0,"233":0,"234":0,"236":0,"240":0,"244":0,"245":0,"255":0,"257":0,"263":0,"264":0},"path":"/home/mamorales/workspace_hedera/scheduler-payment-distribution/apps/contracts/contracts/core/PauseStorageWrapper.sol","s":{"1":0,"2":0,"3":0,"4":0,"5":0,"6":0,"7":0,"8":0,"9":0,"10":0},"b":{"1":[0,0],"2":[0,0],"3":[0,0]},"f":{"1":0,"2":0,"3":0,"4":0,"5":0,"6":0,"7":0},"fnMap":{"1":{"name":"onlyPaused","line":219,"loc":{"start":{"line":219,"column":4},"end":{"line":222,"column":4}}},"2":{"name":"onlyUnpaused","line":224,"loc":{"start":{"line":224,"column":4},"end":{"line":227,"column":4}}},"3":{"name":"_setPause","line":230,"loc":{"start":{"line":230,"column":4},"end":{"line":237,"column":4}}},"4":{"name":"_isPaused","line":239,"loc":{"start":{"line":239,"column":4},"end":{"line":241,"column":4}}},"5":{"name":"_checkUnpaused","line":243,"loc":{"start":{"line":243,"column":4},"end":{"line":247,"column":4}}},"6":{"name":"_pauseStorage","line":249,"loc":{"start":{"line":249,"column":4},"end":{"line":260,"column":4}}},"7":{"name":"_checkPaused","line":262,"loc":{"start":{"line":262,"column":4},"end":{"line":266,"column":4}}}},"statementMap":{"1":{"start":{"line":220,"column":8},"end":{"line":220,"column":21}},"2":{"start":{"line":225,"column":8},"end":{"line":225,"column":23}},"3":{"start":{"line":232,"column":8},"end":{"line":232,"column":12072}},"4":{"start":{"line":233,"column":12},"end":{"line":233,"column":54}},"5":{"start":{"line":234,"column":12},"end":{"line":234,"column":18}},"6":{"start":{"line":236,"column":8},"end":{"line":236,"column":52}},"7":{"start":{"line":240,"column":8},"end":{"line":240,"column":37}},"8":{"start":{"line":244,"column":8},"end":{"line":244,"column":12390}},"9":{"start":{"line":255,"column":8},"end":{"line":255,"column":50}},"10":{"start":{"line":263,"column":8},"end":{"line":263,"column":12836}}},"branchMap":{"1":{"line":232,"type":"if","locations":[{"start":{"line":232,"column":8},"end":{"line":232,"column":8}},{"start":{"line":232,"column":8},"end":{"line":232,"column":8}}]},"2":{"line":244,"type":"if","locations":[{"start":{"line":244,"column":8},"end":{"line":244,"column":8}},{"start":{"line":244,"column":8},"end":{"line":244,"column":8}}]},"3":{"line":263,"type":"if","locations":[{"start":{"line":263,"column":8},"end":{"line":263,"column":8}},{"start":{"line":263,"column":8},"end":{"line":263,"column":8}}]}}},"contracts/interfaces/ILifeCycleCashFlow.sol":{"l":{},"path":"/home/mamorales/workspace_hedera/scheduler-payment-distribution/apps/contracts/contracts/interfaces/ILifeCycleCashFlow.sol","s":{},"b":{},"f":{},"fnMap":{},"statementMap":{},"branchMap":{}},"contracts/interfaces/ILifeCycleCashFlowStorageWrapper.sol":{"l":{},"path":"/home/mamorales/workspace_hedera/scheduler-payment-distribution/apps/contracts/contracts/interfaces/ILifeCycleCashFlowStorageWrapper.sol","s":{},"b":{},"f":{},"fnMap":{},"statementMap":{},"branchMap":{}},"contracts/LifeCycleCashFlow.sol":{"l":{"230":0,"231":0,"232":0,"233":0,"234":0,"235":0,"236":0,"237":0,"240":0,"267":0,"273":0,"303":0,"305":0,"335":0,"341":0,"364":0,"366":0,"394":0,"401":0,"435":0,"442":0,"473":0,"480":0,"510":0,"517":0,"535":0,"536":0,"547":0,"548":0,"557":0},"path":"/home/mamorales/workspace_hedera/scheduler-payment-distribution/apps/contracts/contracts/LifeCycleCashFlow.sol","s":{"1":0,"2":0,"3":0,"4":0,"5":0,"6":0,"7":0,"8":0,"9":0,"10":0,"11":0,"12":0,"13":0,"14":0,"15":0,"16":0,"17":0,"18":0,"19":0,"20":0,"21":0,"22":0},"b":{"1":[0,0],"2":[0,0],"3":[0,0],"4":[0,0],"5":[0,0],"6":[0,0],"7":[0,0],"8":[0,0],"9":[0,0],"10":[0,0],"11":[0,0],"12":[0,0],"13":[0,0],"14":[0,0],"15":[0,0],"16":[0,0],"17":[0,0],"18":[0,0],"19":[0,0],"20":[0,0],"21":[0,0],"22":[0,0],"23":[0,0],"24":[0,0],"25":[0,0],"26":[0,0],"27":[0,0],"28":[0,0],"29":[0,0],"30":[0,0],"31":[0,0],"32":[0,0],"33":[0,0],"34":[0,0]},"f":{"1":0,"2":0,"3":0,"4":0,"5":0,"6":0,"7":0,"8":0,"9":0,"10":0,"11":0,"12":0},"fnMap":{"1":{"name":"initialize","line":229,"loc":{"start":{"line":226,"column":4},"end":{"line":241,"column":4}}},"2":{"name":"executeDistribution","line":264,"loc":{"start":{"line":253,"column":4},"end":{"line":279,"column":4}}},"3":{"name":"executeDistributionByAddresses","line":300,"loc":{"start":{"line":290,"column":4},"end":{"line":310,"column":4}}},"4":{"name":"executeBondCashOut","line":332,"loc":{"start":{"line":322,"column":4},"end":{"line":342,"column":4}}},"5":{"name":"executeBondCashOutByAddresses","line":361,"loc":{"start":{"line":352,"column":4},"end":{"line":367,"column":4}}},"6":{"name":"executeAmountSnapshot","line":391,"loc":{"start":{"line":381,"column":4},"end":{"line":408,"column":4}}},"7":{"name":"executePercentageSnapshot","line":432,"loc":{"start":{"line":422,"column":4},"end":{"line":449,"column":4}}},"8":{"name":"executeAmountSnapshotByAddresses","line":470,"loc":{"start":{"line":461,"column":4},"end":{"line":486,"column":4}}},"9":{"name":"executePercentageSnapshotByAddresses","line":507,"loc":{"start":{"line":498,"column":4},"end":{"line":523,"column":4}}},"10":{"name":"transferPaymentToken","line":534,"loc":{"start":{"line":531,"column":4},"end":{"line":537,"column":4}}},"11":{"name":"updatePaymentToken","line":546,"loc":{"start":{"line":544,"column":4},"end":{"line":549,"column":4}}},"12":{"name":"getPaymentToken","line":556,"loc":{"start":{"line":556,"column":4},"end":{"line":558,"column":4}}}},"statementMap":{"1":{"start":{"line":230,"column":8},"end":{"line":230,"column":52}},"2":{"start":{"line":231,"column":8},"end":{"line":231,"column":45}},"3":{"start":{"line":232,"column":8},"end":{"line":232,"column":45}},"4":{"start":{"line":233,"column":8},"end":{"line":233,"column":46}},"5":{"start":{"line":234,"column":8},"end":{"line":234,"column":49}},"6":{"start":{"line":235,"column":8},"end":{"line":235,"column":60}},"7":{"start":{"line":236,"column":8},"end":{"line":236,"column":24}},"8":{"start":{"line":237,"column":8},"end":{"line":237,"column":12759}},"9":{"start":{"line":240,"column":8},"end":{"line":240,"column":41}},"10":{"start":{"line":273,"column":8},"end":{"line":273,"column":13887}},"11":{"start":{"line":305,"column":8},"end":{"line":305,"column":14867}},"12":{"start":{"line":341,"column":8},"end":{"line":341,"column":69}},"13":{"start":{"line":366,"column":8},"end":{"line":366,"column":65}},"14":{"start":{"line":401,"column":8},"end":{"line":401,"column":17918}},"15":{"start":{"line":442,"column":8},"end":{"line":442,"column":19225}},"16":{"start":{"line":480,"column":8},"end":{"line":480,"column":20392}},"17":{"start":{"line":517,"column":8},"end":{"line":517,"column":21530}},"18":{"start":{"line":535,"column":8},"end":{"line":535,"column":42}},"19":{"start":{"line":536,"column":8},"end":{"line":536,"column":50}},"20":{"start":{"line":547,"column":8},"end":{"line":547,"column":41}},"21":{"start":{"line":548,"column":8},"end":{"line":548,"column":47}},"22":{"start":{"line":557,"column":8},"end":{"line":557,"column":33}}},"branchMap":{"1":{"line":229,"type":"if","locations":[{"start":{"line":229,"column":13},"end":{"line":229,"column":13}},{"start":{"line":229,"column":13},"end":{"line":229,"column":13}}]},"2":{"line":261,"type":"if","locations":[{"start":{"line":261,"column":8},"end":{"line":261,"column":8}},{"start":{"line":261,"column":8},"end":{"line":261,"column":8}}]},"3":{"line":262,"type":"if","locations":[{"start":{"line":262,"column":8},"end":{"line":262,"column":8}},{"start":{"line":262,"column":8},"end":{"line":262,"column":8}}]},"4":{"line":263,"type":"if","locations":[{"start":{"line":263,"column":8},"end":{"line":263,"column":8}},{"start":{"line":263,"column":8},"end":{"line":263,"column":8}}]},"5":{"line":264,"type":"if","locations":[{"start":{"line":264,"column":8},"end":{"line":264,"column":8}},{"start":{"line":264,"column":8},"end":{"line":264,"column":8}}]},"6":{"line":297,"type":"if","locations":[{"start":{"line":297,"column":8},"end":{"line":297,"column":8}},{"start":{"line":297,"column":8},"end":{"line":297,"column":8}}]},"7":{"line":298,"type":"if","locations":[{"start":{"line":298,"column":8},"end":{"line":298,"column":8}},{"start":{"line":298,"column":8},"end":{"line":298,"column":8}}]},"8":{"line":299,"type":"if","locations":[{"start":{"line":299,"column":8},"end":{"line":299,"column":8}},{"start":{"line":299,"column":8},"end":{"line":299,"column":8}}]},"9":{"line":300,"type":"if","locations":[{"start":{"line":300,"column":8},"end":{"line":300,"column":8}},{"start":{"line":300,"column":8},"end":{"line":300,"column":8}}]},"10":{"line":329,"type":"if","locations":[{"start":{"line":329,"column":8},"end":{"line":329,"column":8}},{"start":{"line":329,"column":8},"end":{"line":329,"column":8}}]},"11":{"line":330,"type":"if","locations":[{"start":{"line":330,"column":8},"end":{"line":330,"column":8}},{"start":{"line":330,"column":8},"end":{"line":330,"column":8}}]},"12":{"line":331,"type":"if","locations":[{"start":{"line":331,"column":8},"end":{"line":331,"column":8}},{"start":{"line":331,"column":8},"end":{"line":331,"column":8}}]},"13":{"line":332,"type":"if","locations":[{"start":{"line":332,"column":8},"end":{"line":332,"column":8}},{"start":{"line":332,"column":8},"end":{"line":332,"column":8}}]},"14":{"line":358,"type":"if","locations":[{"start":{"line":358,"column":8},"end":{"line":358,"column":8}},{"start":{"line":358,"column":8},"end":{"line":358,"column":8}}]},"15":{"line":359,"type":"if","locations":[{"start":{"line":359,"column":8},"end":{"line":359,"column":8}},{"start":{"line":359,"column":8},"end":{"line":359,"column":8}}]},"16":{"line":360,"type":"if","locations":[{"start":{"line":360,"column":8},"end":{"line":360,"column":8}},{"start":{"line":360,"column":8},"end":{"line":360,"column":8}}]},"17":{"line":361,"type":"if","locations":[{"start":{"line":361,"column":8},"end":{"line":361,"column":8}},{"start":{"line":361,"column":8},"end":{"line":361,"column":8}}]},"18":{"line":389,"type":"if","locations":[{"start":{"line":389,"column":8},"end":{"line":389,"column":8}},{"start":{"line":389,"column":8},"end":{"line":389,"column":8}}]},"19":{"line":390,"type":"if","locations":[{"start":{"line":390,"column":8},"end":{"line":390,"column":8}},{"start":{"line":390,"column":8},"end":{"line":390,"column":8}}]},"20":{"line":391,"type":"if","locations":[{"start":{"line":391,"column":8},"end":{"line":391,"column":8}},{"start":{"line":391,"column":8},"end":{"line":391,"column":8}}]},"21":{"line":430,"type":"if","locations":[{"start":{"line":430,"column":8},"end":{"line":430,"column":8}},{"start":{"line":430,"column":8},"end":{"line":430,"column":8}}]},"22":{"line":431,"type":"if","locations":[{"start":{"line":431,"column":8},"end":{"line":431,"column":8}},{"start":{"line":431,"column":8},"end":{"line":431,"column":8}}]},"23":{"line":432,"type":"if","locations":[{"start":{"line":432,"column":8},"end":{"line":432,"column":8}},{"start":{"line":432,"column":8},"end":{"line":432,"column":8}}]},"24":{"line":468,"type":"if","locations":[{"start":{"line":468,"column":8},"end":{"line":468,"column":8}},{"start":{"line":468,"column":8},"end":{"line":468,"column":8}}]},"25":{"line":469,"type":"if","locations":[{"start":{"line":469,"column":8},"end":{"line":469,"column":8}},{"start":{"line":469,"column":8},"end":{"line":469,"column":8}}]},"26":{"line":470,"type":"if","locations":[{"start":{"line":470,"column":8},"end":{"line":470,"column":8}},{"start":{"line":470,"column":8},"end":{"line":470,"column":8}}]},"27":{"line":505,"type":"if","locations":[{"start":{"line":505,"column":8},"end":{"line":505,"column":8}},{"start":{"line":505,"column":8},"end":{"line":505,"column":8}}]},"28":{"line":506,"type":"if","locations":[{"start":{"line":506,"column":8},"end":{"line":506,"column":8}},{"start":{"line":506,"column":8},"end":{"line":506,"column":8}}]},"29":{"line":507,"type":"if","locations":[{"start":{"line":507,"column":8},"end":{"line":507,"column":8}},{"start":{"line":507,"column":8},"end":{"line":507,"column":8}}]},"30":{"line":534,"type":"if","locations":[{"start":{"line":534,"column":15},"end":{"line":534,"column":15}},{"start":{"line":534,"column":15},"end":{"line":534,"column":15}}]},"31":{"line":534,"type":"if","locations":[{"start":{"line":534,"column":28},"end":{"line":534,"column":28}},{"start":{"line":534,"column":28},"end":{"line":534,"column":28}}]},"32":{"line":546,"type":"if","locations":[{"start":{"line":546,"column":15},"end":{"line":546,"column":15}},{"start":{"line":546,"column":15},"end":{"line":546,"column":15}}]},"33":{"line":546,"type":"if","locations":[{"start":{"line":546,"column":28},"end":{"line":546,"column":28}},{"start":{"line":546,"column":28},"end":{"line":546,"column":28}}]},"34":{"line":556,"type":"if","locations":[{"start":{"line":556,"column":45},"end":{"line":556,"column":45}},{"start":{"line":556,"column":45},"end":{"line":556,"column":45}}]}}},"contracts/LifeCycleCashFlowStorageWrapper.sol":{"l":{"239":0,"240":0,"244":0,"245":0,"249":0,"250":0,"268":0,"273":0,"274":0,"293":0,"311":0,"314":0,"315":0,"330":0,"351":0,"356":0,"357":0,"386":0,"387":0,"392":0,"393":0,"424":0,"439":0,"443":0,"446":0,"447":0,"457":0,"462":0,"466":0,"483":0,"484":0,"486":0,"503":0,"506":0,"507":0,"509":0,"515":0,"522":0,"532":0,"544":0,"545":0,"549":0,"556":0,"565":0,"571":0,"580":0,"581":0,"584":0,"599":0,"601":0,"602":0,"607":0,"614":0,"617":0,"618":0,"621":0,"642":0,"644":0,"645":0,"651":0,"652":0,"655":0,"656":0,"659":0,"674":0,"676":0,"677":0,"679":0,"680":0,"682":0,"683":0,"691":0,"692":0,"711":0,"712":0,"715":0,"719":0,"722":0,"726":0,"727":0,"728":0,"735":0,"752":0,"753":0,"756":0,"760":0,"763":0,"767":0,"768":0,"769":0,"771":0,"787":0,"788":0,"791":0,"795":0,"798":0,"802":0,"803":0,"804":0,"826":0,"827":0,"834":0,"857":0,"872":0,"873":0,"880":0,"889":0,"892":0,"901":0,"902":0,"914":0,"932":0,"933":0,"936":0,"938":0,"942":0,"960":0,"964":0,"990":0,"991":0,"995":0,"1012":0,"1014":0,"1015":0,"1028":0,"1045":0,"1047":0,"1063":0,"1064":0,"1065":0},"path":"/home/mamorales/workspace_hedera/scheduler-payment-distribution/apps/contracts/contracts/LifeCycleCashFlowStorageWrapper.sol","s":{"1":0,"2":0,"3":0,"4":0,"5":0,"6":0,"7":0,"8":0,"9":0,"10":0,"11":0,"12":0,"13":0,"14":0,"15":0,"16":0,"17":0,"18":0,"19":0,"20":0,"21":0,"22":0,"23":0,"24":0,"25":0,"26":0,"27":0,"28":0,"29":0,"30":0,"31":0,"32":0,"33":0,"34":0,"35":0,"36":0,"37":0,"38":0,"39":0,"40":0,"41":0,"42":0,"43":0,"44":0,"45":0,"46":0,"47":0,"48":0,"49":0,"50":0,"51":0,"52":0,"53":0,"54":0,"55":0,"56":0,"57":0,"58":0,"59":0,"60":0,"61":0,"62":0,"63":0,"64":0,"65":0,"66":0,"67":0,"68":0,"69":0,"70":0,"71":0,"72":0,"73":0,"74":0,"75":0,"76":0,"77":0,"78":0,"79":0,"80":0,"81":0,"82":0,"83":0,"84":0,"85":0,"86":0,"87":0,"88":0,"89":0,"90":0,"91":0,"92":0,"93":0,"94":0,"95":0,"96":0,"97":0,"98":0,"99":0,"100":0,"101":0,"102":0,"103":0},"b":{"1":[0,0],"2":[0,0],"3":[0,0],"4":[0,0],"5":[0,0],"6":[0,0],"7":[0,0],"8":[0,0],"9":[0,0],"10":[0,0],"11":[0,0],"12":[0,0],"13":[0,0],"14":[0,0],"15":[0,0],"16":[0,0],"17":[0,0],"18":[0,0],"19":[0,0],"20":[0,0],"21":[0,0],"22":[0,0],"23":[0,0],"24":[0,0],"25":[0,0],"26":[0,0]},"f":{"1":0,"2":0,"3":0,"4":0,"5":0,"6":0,"7":0,"8":0,"9":0,"10":0,"11":0,"12":0,"13":0,"14":0,"15":0,"16":0,"17":0,"18":0,"19":0,"20":0,"21":0,"22":0,"23":0,"24":0,"25":0,"26":0,"27":0,"28":0,"29":0,"30":0,"31":0,"32":0,"33":0,"34":0,"35":0,"36":0,"37":0,"38":0,"39":0,"40":0,"41":0,"42":0,"43":0,"44":0,"45":0,"46":0},"fnMap":{"1":{"name":"isAsset","line":238,"loc":{"start":{"line":238,"column":4},"end":{"line":241,"column":4}}},"2":{"name":"onlyOnDistributionDate","line":243,"loc":{"start":{"line":243,"column":4},"end":{"line":246,"column":4}}},"3":{"name":"onlyOnMaturityDate","line":248,"loc":{"start":{"line":248,"column":4},"end":{"line":251,"column":4}}},"4":{"name":"_executeDistribution","line":263,"loc":{"start":{"line":263,"column":4},"end":{"line":278,"column":4}}},"5":{"name":"_executeDistributionByAddresses","line":289,"loc":{"start":{"line":289,"column":4},"end":{"line":294,"column":4}}},"6":{"name":"_executeBondCashOut","line":306,"loc":{"start":{"line":306,"column":4},"end":{"line":316,"column":4}}},"7":{"name":"_executeBondCashOutByAddresses","line":326,"loc":{"start":{"line":326,"column":4},"end":{"line":331,"column":4}}},"8":{"name":"_executeAmountSnapshot","line":345,"loc":{"start":{"line":345,"column":4},"end":{"line":366,"column":4}}},"9":{"name":"_executePercentageSnapshot","line":380,"loc":{"start":{"line":380,"column":4},"end":{"line":402,"column":4}}},"10":{"name":"_executeSnapshotByAddresses","line":414,"loc":{"start":{"line":414,"column":4},"end":{"line":430,"column":4}}},"11":{"name":"_transferPaymentToken","line":438,"loc":{"start":{"line":438,"column":4},"end":{"line":449,"column":4}}},"12":{"name":"_updatePaymentToken","line":456,"loc":{"start":{"line":456,"column":4},"end":{"line":459,"column":4}}},"13":{"name":"_setAsset","line":461,"loc":{"start":{"line":461,"column":4},"end":{"line":463,"column":4}}},"14":{"name":"_setAssetType","line":465,"loc":{"start":{"line":465,"column":4},"end":{"line":467,"column":4}}},"15":{"name":"_getSnapshotAmountByAmount","line":478,"loc":{"start":{"line":478,"column":4},"end":{"line":487,"column":4}}},"16":{"name":"_getSnapshotAmountByPercentage","line":498,"loc":{"start":{"line":498,"column":4},"end":{"line":512,"column":4}}},"17":{"name":"_getPaymentToken","line":514,"loc":{"start":{"line":514,"column":4},"end":{"line":516,"column":4}}},"18":{"name":"_isDistributionHolderPaid","line":518,"loc":{"start":{"line":518,"column":4},"end":{"line":526,"column":4}}},"19":{"name":"_isSnapshotHolderPaid","line":528,"loc":{"start":{"line":528,"column":4},"end":{"line":536,"column":4}}},"20":{"name":"_setNewPaymentToken","line":543,"loc":{"start":{"line":543,"column":4},"end":{"line":546,"column":4}}},"21":{"name":"_setPaymentToken","line":548,"loc":{"start":{"line":548,"column":4},"end":{"line":550,"column":4}}},"22":{"name":"_setDistributionHolderPaid","line":552,"loc":{"start":{"line":552,"column":4},"end":{"line":559,"column":4}}},"23":{"name":"_setSnapshotHolderPaid","line":561,"loc":{"start":{"line":561,"column":4},"end":{"line":568,"column":4}}},"24":{"name":"_setHolderCashOutPaid","line":570,"loc":{"start":{"line":570,"column":4},"end":{"line":572,"column":4}}},"25":{"name":"_associateToken","line":579,"loc":{"start":{"line":579,"column":4},"end":{"line":585,"column":4}}},"26":{"name":"_payHoldersDistribution","line":595,"loc":{"start":{"line":595,"column":4},"end":{"line":622,"column":4}}},"27":{"name":"_paySnapshotHolders","line":632,"loc":{"start":{"line":632,"column":4},"end":{"line":660,"column":4}}},"28":{"name":"_payHoldersCashOut","line":670,"loc":{"start":{"line":670,"column":4},"end":{"line":695,"column":4}}},"29":{"name":"_payHolderDistribution","line":706,"loc":{"start":{"line":706,"column":4},"end":{"line":736,"column":4}}},"30":{"name":"_paySnapshotHolder","line":747,"loc":{"start":{"line":747,"column":4},"end":{"line":772,"column":4}}},"31":{"name":"_payHolderCashOut","line":783,"loc":{"start":{"line":783,"column":4},"end":{"line":810,"column":4}}},"32":{"name":"_getHolders","line":821,"loc":{"start":{"line":821,"column":4},"end":{"line":841,"column":4}}},"33":{"name":"_getHoldersBySnapshot","line":852,"loc":{"start":{"line":852,"column":4},"end":{"line":864,"column":4}}},"34":{"name":"_checkAsset","line":871,"loc":{"start":{"line":871,"column":4},"end":{"line":875,"column":4}}},"35":{"name":"_isHolderCashOutPaid","line":877,"loc":{"start":{"line":877,"column":4},"end":{"line":881,"column":4}}},"36":{"name":"_checkDistributionDate","line":888,"loc":{"start":{"line":888,"column":4},"end":{"line":893,"column":4}}},"37":{"name":"_checkMaturityDate","line":900,"loc":{"start":{"line":900,"column":4},"end":{"line":903,"column":4}}},"38":{"name":"_getTokensAmount","line":913,"loc":{"start":{"line":913,"column":4},"end":{"line":916,"column":4}}},"39":{"name":"_getDistributionAmount","line":928,"loc":{"start":{"line":928,"column":4},"end":{"line":939,"column":4}}},"40":{"name":"_getAssetTotalSupply","line":941,"loc":{"start":{"line":941,"column":4},"end":{"line":943,"column":4}}},"41":{"name":"_getCouponAmount","line":955,"loc":{"start":{"line":955,"column":4},"end":{"line":975,"column":4}}},"42":{"name":"_getDividendAmount","line":986,"loc":{"start":{"line":986,"column":4},"end":{"line":997,"column":4}}},"43":{"name":"_getCashOutAmount","line":1008,"loc":{"start":{"line":1008,"column":4},"end":{"line":1017,"column":4}}},"44":{"name":"_getDistributionExecutionDate","line":1025,"loc":{"start":{"line":1025,"column":4},"end":{"line":1038,"column":4}}},"45":{"name":"_lifeCycleCashFlowStorage","line":1040,"loc":{"start":{"line":1040,"column":4},"end":{"line":1050,"column":4}}},"46":{"name":"_checkPaymentDate","line":1059,"loc":{"start":{"line":1059,"column":4},"end":{"line":1067,"column":4}}}},"statementMap":{"1":{"start":{"line":239,"column":8},"end":{"line":239,"column":26}},"2":{"start":{"line":244,"column":8},"end":{"line":244,"column":46}},"3":{"start":{"line":249,"column":8},"end":{"line":249,"column":32}},"4":{"start":{"line":268,"column":8},"end":{"line":268,"column":14187}},"5":{"start":{"line":273,"column":8},"end":{"line":273,"column":56}},"6":{"start":{"line":273,"column":33},"end":{"line":273,"column":56}},"7":{"start":{"line":274,"column":8},"end":{"line":274,"column":14381}},"8":{"start":{"line":311,"column":8},"end":{"line":311,"column":15871}},"9":{"start":{"line":314,"column":8},"end":{"line":314,"column":56}},"10":{"start":{"line":314,"column":33},"end":{"line":314,"column":56}},"11":{"start":{"line":315,"column":8},"end":{"line":315,"column":69}},"12":{"start":{"line":351,"column":8},"end":{"line":351,"column":17463}},"13":{"start":{"line":356,"column":8},"end":{"line":356,"column":56}},"14":{"start":{"line":356,"column":33},"end":{"line":356,"column":56}},"15":{"start":{"line":357,"column":8},"end":{"line":357,"column":17663}},"16":{"start":{"line":386,"column":8},"end":{"line":386,"column":68}},"17":{"start":{"line":387,"column":8},"end":{"line":387,"column":18824}},"18":{"start":{"line":392,"column":8},"end":{"line":392,"column":56}},"19":{"start":{"line":392,"column":33},"end":{"line":392,"column":56}},"20":{"start":{"line":393,"column":8},"end":{"line":393,"column":19024}},"21":{"start":{"line":439,"column":8},"end":{"line":439,"column":20593}},"22":{"start":{"line":446,"column":8},"end":{"line":446,"column":20775}},"23":{"start":{"line":457,"column":8},"end":{"line":457,"column":48}},"24":{"start":{"line":483,"column":8},"end":{"line":483,"column":57}},"25":{"start":{"line":484,"column":8},"end":{"line":484,"column":22058}},"26":{"start":{"line":486,"column":8},"end":{"line":486,"column":60}},"27":{"start":{"line":503,"column":8},"end":{"line":503,"column":22760}},"28":{"start":{"line":506,"column":8},"end":{"line":506,"column":57}},"29":{"start":{"line":507,"column":8},"end":{"line":507,"column":22967}},"30":{"start":{"line":509,"column":8},"end":{"line":509,"column":23075}},"31":{"start":{"line":515,"column":8},"end":{"line":515,"column":55}},"32":{"start":{"line":522,"column":8},"end":{"line":522,"column":23496}},"33":{"start":{"line":532,"column":8},"end":{"line":532,"column":23760}},"34":{"start":{"line":544,"column":8},"end":{"line":544,"column":46}},"35":{"start":{"line":545,"column":8},"end":{"line":545,"column":37}},"36":{"start":{"line":580,"column":8},"end":{"line":580,"column":25097}},"37":{"start":{"line":584,"column":8},"end":{"line":584,"column":36}},"38":{"start":{"line":601,"column":8},"end":{"line":601,"column":25840}},"39":{"start":{"line":602,"column":12},"end":{"line":602,"column":25906}},"40":{"start":{"line":607,"column":12},"end":{"line":607,"column":26039}},"41":{"start":{"line":621,"column":8},"end":{"line":621,"column":31}},"42":{"start":{"line":644,"column":8},"end":{"line":644,"column":27156}},"43":{"start":{"line":645,"column":12},"end":{"line":645,"column":27222}},"44":{"start":{"line":651,"column":12},"end":{"line":651,"column":27384}},"45":{"start":{"line":659,"column":8},"end":{"line":659,"column":31}},"46":{"start":{"line":676,"column":8},"end":{"line":676,"column":28192}},"47":{"start":{"line":677,"column":12},"end":{"line":677,"column":74}},"48":{"start":{"line":679,"column":12},"end":{"line":679,"column":28334}},"49":{"start":{"line":682,"column":16},"end":{"line":682,"column":72}},"50":{"start":{"line":683,"column":16},"end":{"line":683,"column":28567}},"51":{"start":{"line":711,"column":8},"end":{"line":711,"column":29372}},"52":{"start":{"line":712,"column":12},"end":{"line":712,"column":24}},"53":{"start":{"line":715,"column":8},"end":{"line":715,"column":29476}},"54":{"start":{"line":719,"column":12},"end":{"line":719,"column":24}},"55":{"start":{"line":722,"column":8},"end":{"line":722,"column":29639}},"56":{"start":{"line":726,"column":8},"end":{"line":726,"column":29763}},"57":{"start":{"line":727,"column":12},"end":{"line":727,"column":63}},"58":{"start":{"line":728,"column":12},"end":{"line":728,"column":29860}},"59":{"start":{"line":735,"column":8},"end":{"line":735,"column":21}},"60":{"start":{"line":752,"column":8},"end":{"line":752,"column":30540}},"61":{"start":{"line":753,"column":12},"end":{"line":753,"column":24}},"62":{"start":{"line":756,"column":8},"end":{"line":756,"column":30636}},"63":{"start":{"line":760,"column":12},"end":{"line":760,"column":24}},"64":{"start":{"line":763,"column":8},"end":{"line":763,"column":30799}},"65":{"start":{"line":767,"column":8},"end":{"line":767,"column":30923}},"66":{"start":{"line":768,"column":12},"end":{"line":768,"column":55}},"67":{"start":{"line":769,"column":12},"end":{"line":769,"column":66}},"68":{"start":{"line":771,"column":8},"end":{"line":771,"column":21}},"69":{"start":{"line":787,"column":8},"end":{"line":787,"column":31562}},"70":{"start":{"line":788,"column":12},"end":{"line":788,"column":24}},"71":{"start":{"line":791,"column":8},"end":{"line":791,"column":31644}},"72":{"start":{"line":795,"column":12},"end":{"line":795,"column":24}},"73":{"start":{"line":802,"column":8},"end":{"line":802,"column":31927}},"74":{"start":{"line":803,"column":12},"end":{"line":803,"column":41}},"75":{"start":{"line":804,"column":12},"end":{"line":804,"column":32003}},"76":{"start":{"line":826,"column":8},"end":{"line":826,"column":32628}},"77":{"start":{"line":827,"column":12},"end":{"line":827,"column":32712}},"78":{"start":{"line":834,"column":12},"end":{"line":834,"column":32943}},"79":{"start":{"line":857,"column":8},"end":{"line":857,"column":33611}},"80":{"start":{"line":872,"column":8},"end":{"line":872,"column":34048}},"81":{"start":{"line":880,"column":8},"end":{"line":880,"column":71}},"82":{"start":{"line":889,"column":8},"end":{"line":889,"column":34593}},"83":{"start":{"line":892,"column":8},"end":{"line":892,"column":62}},"84":{"start":{"line":901,"column":8},"end":{"line":901,"column":77}},"85":{"start":{"line":902,"column":8},"end":{"line":902,"column":61}},"86":{"start":{"line":914,"column":8},"end":{"line":914,"column":35502}},"87":{"start":{"line":932,"column":8},"end":{"line":932,"column":36091}},"88":{"start":{"line":933,"column":12},"end":{"line":933,"column":36188}},"89":{"start":{"line":936,"column":12},"end":{"line":936,"column":78}},"90":{"start":{"line":938,"column":8},"end":{"line":938,"column":59}},"91":{"start":{"line":942,"column":8},"end":{"line":942,"column":77}},"92":{"start":{"line":960,"column":8},"end":{"line":960,"column":37195}},"93":{"start":{"line":964,"column":8},"end":{"line":964,"column":37303}},"94":{"start":{"line":990,"column":8},"end":{"line":990,"column":67}},"95":{"start":{"line":991,"column":8},"end":{"line":991,"column":38187}},"96":{"start":{"line":995,"column":8},"end":{"line":995,"column":38346}},"97":{"start":{"line":1012,"column":8},"end":{"line":1012,"column":38913}},"98":{"start":{"line":1014,"column":8},"end":{"line":1014,"column":74}},"99":{"start":{"line":1015,"column":8},"end":{"line":1015,"column":39122}},"100":{"start":{"line":1028,"column":8},"end":{"line":1028,"column":39539}},"101":{"start":{"line":1045,"column":8},"end":{"line":1045,"column":64}},"102":{"start":{"line":1063,"column":8},"end":{"line":1063,"column":50}},"103":{"start":{"line":1064,"column":8},"end":{"line":1064,"column":40760}}},"branchMap":{"1":{"line":273,"type":"if","locations":[{"start":{"line":273,"column":8},"end":{"line":273,"column":8}},{"start":{"line":273,"column":8},"end":{"line":273,"column":8}}]},"2":{"line":314,"type":"if","locations":[{"start":{"line":314,"column":8},"end":{"line":314,"column":8}},{"start":{"line":314,"column":8},"end":{"line":314,"column":8}}]},"3":{"line":356,"type":"if","locations":[{"start":{"line":356,"column":8},"end":{"line":356,"column":8}},{"start":{"line":356,"column":8},"end":{"line":356,"column":8}}]},"4":{"line":386,"type":"if","locations":[{"start":{"line":386,"column":8},"end":{"line":386,"column":8}},{"start":{"line":386,"column":8},"end":{"line":386,"column":8}}]},"5":{"line":392,"type":"if","locations":[{"start":{"line":392,"column":8},"end":{"line":392,"column":8}},{"start":{"line":392,"column":8},"end":{"line":392,"column":8}}]},"6":{"line":439,"type":"if","locations":[{"start":{"line":439,"column":8},"end":{"line":439,"column":8}},{"start":{"line":439,"column":8},"end":{"line":439,"column":8}}]},"7":{"line":446,"type":"if","locations":[{"start":{"line":446,"column":8},"end":{"line":446,"column":8}},{"start":{"line":446,"column":8},"end":{"line":446,"column":8}}]},"8":{"line":580,"type":"if","locations":[{"start":{"line":580,"column":8},"end":{"line":580,"column":8}},{"start":{"line":580,"column":8},"end":{"line":580,"column":8}}]},"9":{"line":607,"type":"if","locations":[{"start":{"line":607,"column":12},"end":{"line":607,"column":12}},{"start":{"line":607,"column":12},"end":{"line":607,"column":12}}]},"10":{"line":651,"type":"if","locations":[{"start":{"line":651,"column":12},"end":{"line":651,"column":12}},{"start":{"line":651,"column":12},"end":{"line":651,"column":12}}]},"11":{"line":679,"type":"if","locations":[{"start":{"line":679,"column":12},"end":{"line":679,"column":12}},{"start":{"line":679,"column":12},"end":{"line":679,"column":12}}]},"12":{"line":711,"type":"if","locations":[{"start":{"line":711,"column":8},"end":{"line":711,"column":8}},{"start":{"line":711,"column":8},"end":{"line":711,"column":8}}]},"13":{"line":715,"type":"if","locations":[{"start":{"line":715,"column":8},"end":{"line":715,"column":8}},{"start":{"line":715,"column":8},"end":{"line":715,"column":8}}]},"14":{"line":726,"type":"if","locations":[{"start":{"line":726,"column":8},"end":{"line":726,"column":8}},{"start":{"line":726,"column":8},"end":{"line":726,"column":8}}]},"15":{"line":752,"type":"if","locations":[{"start":{"line":752,"column":8},"end":{"line":752,"column":8}},{"start":{"line":752,"column":8},"end":{"line":752,"column":8}}]},"16":{"line":756,"type":"if","locations":[{"start":{"line":756,"column":8},"end":{"line":756,"column":8}},{"start":{"line":756,"column":8},"end":{"line":756,"column":8}}]},"17":{"line":767,"type":"if","locations":[{"start":{"line":767,"column":8},"end":{"line":767,"column":8}},{"start":{"line":767,"column":8},"end":{"line":767,"column":8}}]},"18":{"line":787,"type":"if","locations":[{"start":{"line":787,"column":8},"end":{"line":787,"column":8}},{"start":{"line":787,"column":8},"end":{"line":787,"column":8}}]},"19":{"line":791,"type":"if","locations":[{"start":{"line":791,"column":8},"end":{"line":791,"column":8}},{"start":{"line":791,"column":8},"end":{"line":791,"column":8}}]},"20":{"line":802,"type":"if","locations":[{"start":{"line":802,"column":8},"end":{"line":802,"column":8}},{"start":{"line":802,"column":8},"end":{"line":802,"column":8}}]},"21":{"line":826,"type":"if","locations":[{"start":{"line":826,"column":8},"end":{"line":826,"column":8}},{"start":{"line":826,"column":8},"end":{"line":826,"column":8}}]},"22":{"line":872,"type":"if","locations":[{"start":{"line":872,"column":8},"end":{"line":872,"column":8}},{"start":{"line":872,"column":8},"end":{"line":872,"column":8}}]},"23":{"line":932,"type":"if","locations":[{"start":{"line":932,"column":8},"end":{"line":932,"column":8}},{"start":{"line":932,"column":8},"end":{"line":932,"column":8}}]},"24":{"line":1030,"type":"if","locations":[{"start":{"line":1030,"column":18},"end":{"line":1033,"column":33}},{"start":{"line":1034,"column":18},"end":{"line":1037,"column":33}}]},"25":{"line":1064,"type":"if","locations":[{"start":{"line":1064,"column":8},"end":{"line":1064,"column":8}},{"start":{"line":1064,"column":8},"end":{"line":1064,"column":8}}]},"26":{"line":1064,"type":"cond-expr","locations":[{"start":{"line":1064,"column":12},"end":{"line":1064,"column":38}},{"start":{"line":1064,"column":43},"end":{"line":1064,"column":67}}]}}},"contracts/proxies/Proxies.sol":{"l":{},"path":"/home/mamorales/workspace_hedera/scheduler-payment-distribution/apps/contracts/contracts/proxies/Proxies.sol","s":{},"b":{},"f":{},"fnMap":{},"statementMap":{},"branchMap":{}},"contracts/test/testAsset/AssetMock.sol":{"l":{"216":0,"225":0,"231":0,"237":0,"245":0,"246":0,"247":0,"248":0,"256":0,"262":0,"263":0,"264":0,"265":0,"272":0,"273":0,"274":0,"275":0,"276":0,"277":0,"281":0,"289":0,"290":0,"296":0,"305":0,"312":0,"313":0,"314":0,"319":0,"326":0,"332":0,"338":0,"346":0,"352":0,"359":0,"360":0,"361":0,"362":0,"363":0,"364":0,"372":0,"380":0,"381":0,"387":0,"393":0,"400":0,"404":0,"412":0,"418":0,"428":0,"436":0,"441":0,"449":0,"456":0,"463":0,"470":0,"478":0,"484":0,"492":0,"493":0,"494":0,"502":0,"508":0,"514":0,"522":0,"526":0,"533":0,"541":0,"545":0,"549":0,"553":0,"560":0,"564":0,"572":0,"573":0,"574":0,"575":0,"576":0},"path":"/home/mamorales/workspace_hedera/scheduler-payment-distribution/apps/contracts/contracts/test/testAsset/AssetMock.sol","s":{"1":0,"2":0,"3":0},"b":{},"f":{"1":0,"2":0,"3":0,"4":0,"5":0,"6":0,"7":0,"8":0,"9":0,"10":0,"11":0,"12":0,"13":0,"14":0,"15":0,"16":0,"17":0,"18":0,"19":0,"20":0,"21":0,"22":0,"23":0,"24":0,"25":0,"26":0,"27":0,"28":0,"29":0,"30":0,"31":0,"32":0,"33":0,"34":0,"35":0,"36":0,"37":0,"38":0,"39":0,"40":0,"41":0,"42":0,"43":0,"44":0,"45":0,"46":0,"47":0,"48":0,"49":0,"50":0,"51":0},"fnMap":{"1":{"name":"constructor","line":215,"loc":{"start":{"line":215,"column":4},"end":{"line":217,"column":4}}},"2":{"name":"redeemAtMaturityByPartition","line":220,"loc":{"start":{"line":220,"column":4},"end":{"line":226,"column":4}}},"3":{"name":"setCoupon","line":228,"loc":{"start":{"line":228,"column":4},"end":{"line":232,"column":4}}},"4":{"name":"updateMaturityDate","line":234,"loc":{"start":{"line":234,"column":4},"end":{"line":238,"column":4}}},"5":{"name":"getBondDetails","line":240,"loc":{"start":{"line":240,"column":4},"end":{"line":249,"column":4}}},"6":{"name":"getCouponDetails","line":251,"loc":{"start":{"line":251,"column":4},"end":{"line":257,"column":4}}},"7":{"name":"getCoupon","line":259,"loc":{"start":{"line":259,"column":4},"end":{"line":266,"column":4}}},"8":{"name":"getCouponFor","line":268,"loc":{"start":{"line":268,"column":4},"end":{"line":278,"column":4}}},"9":{"name":"getCouponCount","line":280,"loc":{"start":{"line":280,"column":4},"end":{"line":282,"column":4}}},"10":{"name":"getCouponHolders","line":284,"loc":{"start":{"line":284,"column":4},"end":{"line":291,"column":4}}},"11":{"name":"getTotalCouponHolders","line":293,"loc":{"start":{"line":293,"column":4},"end":{"line":297,"column":4}}},"12":{"name":"getSecurityRegulationData","line":300,"loc":{"start":{"line":300,"column":4},"end":{"line":306,"column":4}}},"13":{"name":"getSecurityHolders","line":308,"loc":{"start":{"line":308,"column":4},"end":{"line":316,"column":4}}},"14":{"name":"getTotalSecurityHolders","line":318,"loc":{"start":{"line":318,"column":4},"end":{"line":320,"column":4}}},"15":{"name":"setDividends","line":323,"loc":{"start":{"line":323,"column":4},"end":{"line":327,"column":4}}},"16":{"name":"setVoting","line":329,"loc":{"start":{"line":329,"column":4},"end":{"line":333,"column":4}}},"17":{"name":"setScheduledBalanceAdjustment","line":335,"loc":{"start":{"line":335,"column":4},"end":{"line":339,"column":4}}},"18":{"name":"getEquityDetails","line":341,"loc":{"start":{"line":341,"column":4},"end":{"line":347,"column":4}}},"19":{"name":"getDividends","line":349,"loc":{"start":{"line":349,"column":4},"end":{"line":353,"column":4}}},"20":{"name":"getDividendsFor","line":355,"loc":{"start":{"line":355,"column":4},"end":{"line":365,"column":4}}},"21":{"name":"getDividendsCount","line":367,"loc":{"start":{"line":367,"column":4},"end":{"line":373,"column":4}}},"22":{"name":"getDividendHolders","line":375,"loc":{"start":{"line":375,"column":4},"end":{"line":382,"column":4}}},"23":{"name":"getTotalDividendHolders","line":384,"loc":{"start":{"line":384,"column":4},"end":{"line":388,"column":4}}},"24":{"name":"getVoting","line":390,"loc":{"start":{"line":390,"column":4},"end":{"line":394,"column":4}}},"25":{"name":"getVotingFor","line":396,"loc":{"start":{"line":396,"column":4},"end":{"line":401,"column":4}}},"26":{"name":"getVotingCount","line":403,"loc":{"start":{"line":403,"column":4},"end":{"line":405,"column":4}}},"27":{"name":"getVotingHolders","line":407,"loc":{"start":{"line":407,"column":4},"end":{"line":413,"column":4}}},"28":{"name":"getTotalVotingHolders","line":415,"loc":{"start":{"line":415,"column":4},"end":{"line":419,"column":4}}},"29":{"name":"getScheduledBalanceAdjustment","line":421,"loc":{"start":{"line":421,"column":4},"end":{"line":429,"column":4}}},"30":{"name":"getScheduledBalanceAdjustmentCount","line":431,"loc":{"start":{"line":431,"column":4},"end":{"line":437,"column":4}}},"31":{"name":"takeSnapshot","line":440,"loc":{"start":{"line":440,"column":4},"end":{"line":442,"column":4}}},"32":{"name":"balanceOfAtSnapshotByPartition","line":444,"loc":{"start":{"line":444,"column":4},"end":{"line":450,"column":4}}},"33":{"name":"partitionsOfAtSnapshot","line":452,"loc":{"start":{"line":452,"column":4},"end":{"line":457,"column":4}}},"34":{"name":"totalSupplyAtSnapshotByPartition","line":459,"loc":{"start":{"line":459,"column":4},"end":{"line":464,"column":4}}},"35":{"name":"lockedBalanceOfAtSnapshot","line":466,"loc":{"start":{"line":466,"column":4},"end":{"line":471,"column":4}}},"36":{"name":"lockedBalanceOfAtSnapshotByPartition","line":473,"loc":{"start":{"line":473,"column":4},"end":{"line":479,"column":4}}},"37":{"name":"getTotalTokenHoldersAtSnapshot","line":481,"loc":{"start":{"line":481,"column":4},"end":{"line":485,"column":4}}},"38":{"name":"getTokenHoldersAtSnapshot","line":487,"loc":{"start":{"line":487,"column":4},"end":{"line":496,"column":4}}},"39":{"name":"balanceOfAtSnapshot","line":498,"loc":{"start":{"line":498,"column":4},"end":{"line":503,"column":4}}},"40":{"name":"decimalsAtSnapshot","line":505,"loc":{"start":{"line":505,"column":4},"end":{"line":509,"column":4}}},"41":{"name":"totalSupplyAtSnapshot","line":511,"loc":{"start":{"line":511,"column":4},"end":{"line":515,"column":4}}},"42":{"name":"initialize_ERC20","line":519,"loc":{"start":{"line":519,"column":4},"end":{"line":523,"column":4}}},"43":{"name":"transfer","line":525,"loc":{"start":{"line":525,"column":4},"end":{"line":527,"column":4}}},"44":{"name":"approve","line":529,"loc":{"start":{"line":529,"column":4},"end":{"line":534,"column":4}}},"45":{"name":"transferFrom","line":536,"loc":{"start":{"line":536,"column":4},"end":{"line":542,"column":4}}},"46":{"name":"name","line":544,"loc":{"start":{"line":544,"column":4},"end":{"line":546,"column":4}}},"47":{"name":"symbol","line":548,"loc":{"start":{"line":548,"column":4},"end":{"line":550,"column":4}}},"48":{"name":"decimals","line":552,"loc":{"start":{"line":552,"column":4},"end":{"line":554,"column":4}}},"49":{"name":"allowance","line":556,"loc":{"start":{"line":556,"column":4},"end":{"line":561,"column":4}}},"50":{"name":"decimalsAt","line":563,"loc":{"start":{"line":563,"column":4},"end":{"line":565,"column":4}}},"51":{"name":"getERC20Metadata","line":567,"loc":{"start":{"line":567,"column":4},"end":{"line":577,"column":4}}}},"statementMap":{"1":{"start":{"line":225,"column":8},"end":{"line":225,"column":14}},"2":{"start":{"line":313,"column":8},"end":{"line":313,"column":14488}},"3":{"start":{"line":493,"column":8},"end":{"line":493,"column":19389}}},"branchMap":{}},"contracts/test/testAsset/interfaces/IAssetMock.sol":{"l":{},"path":"/home/mamorales/workspace_hedera/scheduler-payment-distribution/apps/contracts/contracts/test/testAsset/interfaces/IAssetMock.sol","s":{},"b":{},"f":{},"fnMap":{},"statementMap":{},"branchMap":{}},"contracts/test/testStablecoin/StablecoinMock.sol":{"l":{"10":0,"15":0,"19":0},"path":"/home/mamorales/workspace_hedera/scheduler-payment-distribution/apps/contracts/contracts/test/testStablecoin/StablecoinMock.sol","s":{"1":0,"2":0,"3":0},"b":{},"f":{"1":0,"2":0,"3":0},"fnMap":{"1":{"name":"constructor","line":8,"loc":{"start":{"line":8,"column":4},"end":{"line":11,"column":4}}},"2":{"name":"mint","line":14,"loc":{"start":{"line":14,"column":4},"end":{"line":16,"column":4}}},"3":{"name":"decimals","line":18,"loc":{"start":{"line":18,"column":4},"end":{"line":20,"column":4}}}},"statementMap":{"1":{"start":{"line":10,"column":8},"end":{"line":10,"column":41}},"2":{"start":{"line":15,"column":8},"end":{"line":15,"column":24}},"3":{"start":{"line":19,"column":8},"end":{"line":19,"column":16}}},"branchMap":{}},"contracts/test/testTimeTravel/interfaces/ITimeTravel.sol":{"l":{},"path":"/home/mamorales/workspace_hedera/scheduler-payment-distribution/apps/contracts/contracts/test/testTimeTravel/interfaces/ITimeTravel.sol","s":{},"b":{},"f":{},"fnMap":{},"statementMap":{},"branchMap":{}},"contracts/test/testTimeTravel/LifeCycleCashFlowTimeTravel.sol":{"l":{"220":0},"path":"/home/mamorales/workspace_hedera/scheduler-payment-distribution/apps/contracts/contracts/test/testTimeTravel/LifeCycleCashFlowTimeTravel.sol","s":{"1":0},"b":{},"f":{"1":0},"fnMap":{"1":{"name":"_blockTimestamp","line":214,"loc":{"start":{"line":214,"column":4},"end":{"line":221,"column":4}}}},"statementMap":{"1":{"start":{"line":220,"column":8},"end":{"line":220,"column":43}}},"branchMap":{}},"contracts/test/testTimeTravel/timeTravel/TimeTravel.sol":{"l":{"216":0,"217":0,"220":0,"222":0,"226":0,"227":0,"237":0},"path":"/home/mamorales/workspace_hedera/scheduler-payment-distribution/apps/contracts/contracts/test/testTimeTravel/timeTravel/TimeTravel.sol","s":{"1":0,"2":0,"3":0,"4":0},"b":{"1":[0,0],"2":[0,0]},"f":{"1":0,"2":0,"3":0},"fnMap":{"1":{"name":"changeSystemTimestamp","line":215,"loc":{"start":{"line":215,"column":4},"end":{"line":223,"column":4}}},"2":{"name":"resetSystemTimestamp","line":225,"loc":{"start":{"line":225,"column":4},"end":{"line":228,"column":4}}},"3":{"name":"_blockTimestamp","line":230,"loc":{"start":{"line":230,"column":4},"end":{"line":238,"column":4}}}},"statementMap":{"1":{"start":{"line":216,"column":8},"end":{"line":216,"column":11726}},"2":{"start":{"line":220,"column":8},"end":{"line":220,"column":63}},"3":{"start":{"line":227,"column":8},"end":{"line":227,"column":35}},"4":{"start":{"line":237,"column":8},"end":{"line":237,"column":61}}},"branchMap":{"1":{"line":216,"type":"if","locations":[{"start":{"line":216,"column":8},"end":{"line":216,"column":8}},{"start":{"line":216,"column":8},"end":{"line":216,"column":8}}]},"2":{"line":237,"type":"if","locations":[{"start":{"line":237,"column":33},"end":{"line":237,"column":47}},{"start":{"line":237,"column":51},"end":{"line":237,"column":60}}]}}}}